2020-10-27 15:41:02.431 [restartedMain] INFO  com.winmine.Application - Starting Application on LAPTOP-T84R5PL0 with PID 17004 (D:\MyProject\SpringBootDemo\target\classes started by YTJX in D:\MyProject\SpringBootDemo)
2020-10-27 15:41:02.433 [restartedMain] INFO  com.winmine.Application - No active profile set, falling back to default profiles: default
2020-10-27 15:41:02.585 [background-preinit] INFO  org.hibernate.validator.internal.util.Version - HV000001: Hibernate Validator 5.3.5.Final
2020-10-27 15:41:02.671 [restartedMain] INFO  org.springframework.boot.context.embedded.AnnotationConfigEmbeddedWebApplicationContext - Refreshing org.springframework.boot.context.embedded.AnnotationConfigEmbeddedWebApplicationContext@59f2bcc5: startup date [Tue Oct 27 15:41:02 CST 2020]; root of context hierarchy
2020-10-27 15:41:04.074 [restartedMain] INFO  org.springframework.boot.context.embedded.tomcat.TomcatEmbeddedServletContainer - Tomcat initialized with port(s): 8088 (http)
2020-10-27 15:41:04.080 [restartedMain] INFO  org.apache.catalina.core.StandardService - Starting service [Tomcat]
2020-10-27 15:41:04.081 [restartedMain] INFO  org.apache.catalina.core.StandardEngine - Starting Servlet Engine: Apache Tomcat/8.5.23
2020-10-27 15:41:04.177 [localhost-startStop-1] INFO  org.apache.catalina.core.ContainerBase.[Tomcat].[localhost].[/] - Initializing Spring embedded WebApplicationContext
2020-10-27 15:41:04.178 [localhost-startStop-1] INFO  org.springframework.web.context.ContextLoader - Root WebApplicationContext: initialization completed in 1507 ms
2020-10-27 15:41:04.288 [localhost-startStop-1] INFO  org.springframework.boot.web.servlet.ServletRegistrationBean - Mapping servlet: 'dispatcherServlet' to [/]
2020-10-27 15:41:04.292 [localhost-startStop-1] INFO  org.springframework.boot.web.servlet.FilterRegistrationBean - Mapping filter: 'characterEncodingFilter' to: [/*]
2020-10-27 15:41:04.394 [restartedMain] INFO  org.springframework.web.servlet.mvc.method.annotation.RequestMappingHandlerMapping - Mapped "{[/user/index.html]}" onto public java.lang.String com.winmine.controller.UserController.index()
2020-10-27 15:41:04.395 [restartedMain] INFO  org.springframework.web.servlet.mvc.method.annotation.RequestMappingHandlerMapping - Mapped "{[/user/userInfo]}" onto public java.lang.String com.winmine.controller.UserController.userInfo()
2020-10-27 15:41:04.396 [restartedMain] INFO  org.springframework.web.servlet.mvc.method.annotation.RequestMappingHandlerMapping - Mapped "{[/user/login]}" onto public java.lang.String com.winmine.controller.UserController.login(com.winmine.entity.User)
2020-10-27 15:41:04.396 [restartedMain] INFO  org.springframework.web.servlet.mvc.method.annotation.RequestMappingHandlerMapping - Mapped "{[/user/login.html]}" onto public java.lang.String com.winmine.controller.UserController.login()
2020-10-27 15:41:04.402 [restartedMain] INFO  org.springframework.web.servlet.mvc.method.annotation.RequestMappingHandlerMapping - Mapped "{[/error]}" onto public org.springframework.http.ResponseEntity<java.util.Map<java.lang.String, java.lang.Object>> org.springframework.boot.autoconfigure.web.BasicErrorController.error(javax.servlet.http.HttpServletRequest)
2020-10-27 15:41:04.403 [restartedMain] INFO  org.springframework.web.servlet.mvc.method.annotation.RequestMappingHandlerMapping - Mapped "{[/error],produces=[text/html]}" onto public org.springframework.web.servlet.ModelAndView org.springframework.boot.autoconfigure.web.BasicErrorController.errorHtml(javax.servlet.http.HttpServletRequest,javax.servlet.http.HttpServletResponse)
2020-10-27 15:41:04.471 [restartedMain] INFO  org.springframework.web.servlet.mvc.method.annotation.RequestMappingHandlerAdapter - Looking for @ControllerAdvice: org.springframework.boot.context.embedded.AnnotationConfigEmbeddedWebApplicationContext@59f2bcc5: startup date [Tue Oct 27 15:41:02 CST 2020]; root of context hierarchy
2020-10-27 15:41:05.106 [restartedMain] INFO  org.springframework.boot.devtools.autoconfigure.OptionalLiveReloadServer - LiveReload server is running on port 35729
2020-10-27 15:41:05.186 [restartedMain] INFO  org.springframework.jmx.export.annotation.AnnotationMBeanExporter - Registering beans for JMX exposure on startup
2020-10-27 15:41:05.213 [restartedMain] INFO  org.apache.coyote.http11.Http11NioProtocol - Initializing ProtocolHandler ["http-nio-8088"]
2020-10-27 15:41:05.222 [restartedMain] INFO  org.apache.coyote.http11.Http11NioProtocol - Starting ProtocolHandler ["http-nio-8088"]
2020-10-27 15:41:05.231 [restartedMain] INFO  org.apache.tomcat.util.net.NioSelectorPool - Using a shared selector for servlet write/read
2020-10-27 15:41:05.247 [restartedMain] INFO  org.springframework.boot.context.embedded.tomcat.TomcatEmbeddedServletContainer - Tomcat started on port(s): 8088 (http)
2020-10-27 15:41:05.253 [restartedMain] INFO  com.winmine.Application - Started Application in 3.067 seconds (JVM running for 4.101)
2020-10-27 15:41:24.051 [http-nio-8088-exec-1] INFO  org.apache.catalina.core.ContainerBase.[Tomcat].[localhost].[/] - Initializing Spring FrameworkServlet 'dispatcherServlet'
2020-10-27 15:41:24.052 [http-nio-8088-exec-1] INFO  org.springframework.web.servlet.DispatcherServlet - FrameworkServlet 'dispatcherServlet': initialization started
2020-10-27 15:41:24.073 [http-nio-8088-exec-1] INFO  org.springframework.web.servlet.DispatcherServlet - FrameworkServlet 'dispatcherServlet': initialization completed in 21 ms
2020-10-27 15:41:24.087 [http-nio-8088-exec-1] INFO  com.winmine.component.LoginHandlerInterceptor - 不拦截/user/index.html
2020-10-27 15:41:24.104 [http-nio-8088-exec-1] INFO  org.thymeleaf.TemplateEngine - [THYMELEAF] INITIALIZING TEMPLATE ENGINE
2020-10-27 15:41:24.133 [http-nio-8088-exec-1] INFO  org.thymeleaf.templateresolver.AbstractTemplateResolver - [THYMELEAF] INITIALIZING TEMPLATE RESOLVER: org.thymeleaf.spring4.templateresolver.SpringResourceTemplateResolver
2020-10-27 15:41:24.133 [http-nio-8088-exec-1] INFO  org.thymeleaf.templateresolver.AbstractTemplateResolver - [THYMELEAF] TEMPLATE RESOLVER INITIALIZED OK
2020-10-27 15:41:24.133 [http-nio-8088-exec-1] INFO  org.thymeleaf.messageresolver.AbstractMessageResolver - [THYMELEAF] INITIALIZING MESSAGE RESOLVER: org.thymeleaf.spring4.messageresolver.SpringMessageResolver
2020-10-27 15:41:24.133 [http-nio-8088-exec-1] INFO  org.thymeleaf.messageresolver.AbstractMessageResolver - [THYMELEAF] MESSAGE RESOLVER INITIALIZED OK
2020-10-27 15:41:24.143 [http-nio-8088-exec-1] INFO  org.thymeleaf.TemplateEngine - [THYMELEAF] TEMPLATE ENGINE INITIALIZED
2020-10-27 15:41:38.874 [Thread-14] INFO  org.springframework.boot.context.embedded.AnnotationConfigEmbeddedWebApplicationContext - Closing org.springframework.boot.context.embedded.AnnotationConfigEmbeddedWebApplicationContext@59f2bcc5: startup date [Tue Oct 27 15:41:02 CST 2020]; root of context hierarchy
2020-10-27 15:41:38.877 [Thread-14] INFO  org.springframework.jmx.export.annotation.AnnotationMBeanExporter - Unregistering JMX-exposed beans on shutdown
2020-10-27 15:41:41.962 [restartedMain] INFO  com.winmine.Application - Starting Application on LAPTOP-T84R5PL0 with PID 17908 (D:\MyProject\SpringBootDemo\target\classes started by YTJX in D:\MyProject\SpringBootDemo)
2020-10-27 15:41:41.964 [restartedMain] INFO  com.winmine.Application - No active profile set, falling back to default profiles: default
2020-10-27 15:41:42.101 [background-preinit] INFO  org.hibernate.validator.internal.util.Version - HV000001: Hibernate Validator 5.3.5.Final
2020-10-27 15:41:42.199 [restartedMain] INFO  org.springframework.boot.context.embedded.AnnotationConfigEmbeddedWebApplicationContext - Refreshing org.springframework.boot.context.embedded.AnnotationConfigEmbeddedWebApplicationContext@e7c7704: startup date [Tue Oct 27 15:41:42 CST 2020]; root of context hierarchy
2020-10-27 15:41:43.537 [restartedMain] INFO  org.springframework.boot.context.embedded.tomcat.TomcatEmbeddedServletContainer - Tomcat initialized with port(s): 8088 (http)
2020-10-27 15:41:43.543 [restartedMain] INFO  org.apache.catalina.core.StandardService - Starting service [Tomcat]
2020-10-27 15:41:43.544 [restartedMain] INFO  org.apache.catalina.core.StandardEngine - Starting Servlet Engine: Apache Tomcat/8.5.23
2020-10-27 15:41:43.633 [localhost-startStop-1] INFO  org.apache.catalina.core.ContainerBase.[Tomcat].[localhost].[/] - Initializing Spring embedded WebApplicationContext
2020-10-27 15:41:43.633 [localhost-startStop-1] INFO  org.springframework.web.context.ContextLoader - Root WebApplicationContext: initialization completed in 1434 ms
2020-10-27 15:41:43.745 [localhost-startStop-1] INFO  org.springframework.boot.web.servlet.ServletRegistrationBean - Mapping servlet: 'dispatcherServlet' to [/]
2020-10-27 15:41:43.749 [localhost-startStop-1] INFO  org.springframework.boot.web.servlet.FilterRegistrationBean - Mapping filter: 'characterEncodingFilter' to: [/*]
2020-10-27 15:41:43.839 [restartedMain] INFO  org.springframework.web.servlet.mvc.method.annotation.RequestMappingHandlerMapping - Mapped "{[/user/index.html]}" onto public java.lang.String com.winmine.controller.UserController.index()
2020-10-27 15:41:43.840 [restartedMain] INFO  org.springframework.web.servlet.mvc.method.annotation.RequestMappingHandlerMapping - Mapped "{[/user/userInfo]}" onto public java.lang.String com.winmine.controller.UserController.userInfo()
2020-10-27 15:41:43.841 [restartedMain] INFO  org.springframework.web.servlet.mvc.method.annotation.RequestMappingHandlerMapping - Mapped "{[/user/login]}" onto public java.lang.String com.winmine.controller.UserController.login(com.winmine.entity.User)
2020-10-27 15:41:43.842 [restartedMain] INFO  org.springframework.web.servlet.mvc.method.annotation.RequestMappingHandlerMapping - Mapped "{[/user/login.html]}" onto public java.lang.String com.winmine.controller.UserController.login()
2020-10-27 15:41:43.848 [restartedMain] INFO  org.springframework.web.servlet.mvc.method.annotation.RequestMappingHandlerMapping - Mapped "{[/error]}" onto public org.springframework.http.ResponseEntity<java.util.Map<java.lang.String, java.lang.Object>> org.springframework.boot.autoconfigure.web.BasicErrorController.error(javax.servlet.http.HttpServletRequest)
2020-10-27 15:41:43.848 [restartedMain] INFO  org.springframework.web.servlet.mvc.method.annotation.RequestMappingHandlerMapping - Mapped "{[/error],produces=[text/html]}" onto public org.springframework.web.servlet.ModelAndView org.springframework.boot.autoconfigure.web.BasicErrorController.errorHtml(javax.servlet.http.HttpServletRequest,javax.servlet.http.HttpServletResponse)
2020-10-27 15:41:43.932 [restartedMain] INFO  org.springframework.web.servlet.mvc.method.annotation.RequestMappingHandlerAdapter - Looking for @ControllerAdvice: org.springframework.boot.context.embedded.AnnotationConfigEmbeddedWebApplicationContext@e7c7704: startup date [Tue Oct 27 15:41:42 CST 2020]; root of context hierarchy
2020-10-27 15:41:44.500 [restartedMain] INFO  org.springframework.boot.devtools.autoconfigure.OptionalLiveReloadServer - LiveReload server is running on port 35729
2020-10-27 15:41:44.590 [restartedMain] INFO  org.springframework.jmx.export.annotation.AnnotationMBeanExporter - Registering beans for JMX exposure on startup
2020-10-27 15:41:44.620 [restartedMain] INFO  org.apache.coyote.http11.Http11NioProtocol - Initializing ProtocolHandler ["http-nio-8088"]
2020-10-27 15:41:44.627 [restartedMain] INFO  org.apache.coyote.http11.Http11NioProtocol - Starting ProtocolHandler ["http-nio-8088"]
2020-10-27 15:41:44.636 [restartedMain] INFO  org.apache.tomcat.util.net.NioSelectorPool - Using a shared selector for servlet write/read
2020-10-27 15:41:44.650 [restartedMain] INFO  org.springframework.boot.context.embedded.tomcat.TomcatEmbeddedServletContainer - Tomcat started on port(s): 8088 (http)
2020-10-27 15:41:44.654 [restartedMain] INFO  com.winmine.Application - Started Application in 2.951 seconds (JVM running for 3.932)
2020-10-27 15:41:48.280 [http-nio-8088-exec-1] INFO  org.apache.catalina.core.ContainerBase.[Tomcat].[localhost].[/] - Initializing Spring FrameworkServlet 'dispatcherServlet'
2020-10-27 15:41:48.280 [http-nio-8088-exec-1] INFO  org.springframework.web.servlet.DispatcherServlet - FrameworkServlet 'dispatcherServlet': initialization started
2020-10-27 15:41:48.301 [http-nio-8088-exec-1] INFO  org.springframework.web.servlet.DispatcherServlet - FrameworkServlet 'dispatcherServlet': initialization completed in 21 ms
2020-10-27 15:41:48.318 [http-nio-8088-exec-1] INFO  com.winmine.component.LoginHandlerInterceptor - 不拦截/user/index.html
2020-10-27 15:41:48.337 [http-nio-8088-exec-1] INFO  org.thymeleaf.TemplateEngine - [THYMELEAF] INITIALIZING TEMPLATE ENGINE
2020-10-27 15:41:48.368 [http-nio-8088-exec-1] INFO  org.thymeleaf.templateresolver.AbstractTemplateResolver - [THYMELEAF] INITIALIZING TEMPLATE RESOLVER: org.thymeleaf.spring4.templateresolver.SpringResourceTemplateResolver
2020-10-27 15:41:48.368 [http-nio-8088-exec-1] INFO  org.thymeleaf.templateresolver.AbstractTemplateResolver - [THYMELEAF] TEMPLATE RESOLVER INITIALIZED OK
2020-10-27 15:41:48.368 [http-nio-8088-exec-1] INFO  org.thymeleaf.messageresolver.AbstractMessageResolver - [THYMELEAF] INITIALIZING MESSAGE RESOLVER: org.thymeleaf.spring4.messageresolver.SpringMessageResolver
2020-10-27 15:41:48.368 [http-nio-8088-exec-1] INFO  org.thymeleaf.messageresolver.AbstractMessageResolver - [THYMELEAF] MESSAGE RESOLVER INITIALIZED OK
2020-10-27 15:41:48.380 [http-nio-8088-exec-1] INFO  org.thymeleaf.TemplateEngine - [THYMELEAF] TEMPLATE ENGINE INITIALIZED
2020-10-27 15:42:36.584 [Thread-14] INFO  org.springframework.boot.context.embedded.AnnotationConfigEmbeddedWebApplicationContext - Closing org.springframework.boot.context.embedded.AnnotationConfigEmbeddedWebApplicationContext@e7c7704: startup date [Tue Oct 27 15:41:42 CST 2020]; root of context hierarchy
2020-10-27 15:42:36.588 [Thread-14] INFO  org.springframework.jmx.export.annotation.AnnotationMBeanExporter - Unregistering JMX-exposed beans on shutdown
2020-10-27 15:42:39.785 [restartedMain] INFO  com.winmine.Application - Starting Application on LAPTOP-T84R5PL0 with PID 17476 (D:\MyProject\SpringBootDemo\target\classes started by YTJX in D:\MyProject\SpringBootDemo)
2020-10-27 15:42:39.788 [restartedMain] INFO  com.winmine.Application - No active profile set, falling back to default profiles: default
2020-10-27 15:42:39.933 [background-preinit] INFO  org.hibernate.validator.internal.util.Version - HV000001: Hibernate Validator 5.3.5.Final
2020-10-27 15:42:40.010 [restartedMain] INFO  org.springframework.boot.context.embedded.AnnotationConfigEmbeddedWebApplicationContext - Refreshing org.springframework.boot.context.embedded.AnnotationConfigEmbeddedWebApplicationContext@406b8ce: startup date [Tue Oct 27 15:42:40 CST 2020]; root of context hierarchy
2020-10-27 15:42:41.353 [restartedMain] INFO  org.springframework.boot.context.embedded.tomcat.TomcatEmbeddedServletContainer - Tomcat initialized with port(s): 8088 (http)
2020-10-27 15:42:41.359 [restartedMain] INFO  org.apache.catalina.core.StandardService - Starting service [Tomcat]
2020-10-27 15:42:41.359 [restartedMain] INFO  org.apache.catalina.core.StandardEngine - Starting Servlet Engine: Apache Tomcat/8.5.23
2020-10-27 15:42:41.447 [localhost-startStop-1] INFO  org.apache.catalina.core.ContainerBase.[Tomcat].[localhost].[/] - Initializing Spring embedded WebApplicationContext
2020-10-27 15:42:41.447 [localhost-startStop-1] INFO  org.springframework.web.context.ContextLoader - Root WebApplicationContext: initialization completed in 1437 ms
2020-10-27 15:42:41.564 [localhost-startStop-1] INFO  org.springframework.boot.web.servlet.ServletRegistrationBean - Mapping servlet: 'dispatcherServlet' to [/]
2020-10-27 15:42:41.568 [localhost-startStop-1] INFO  org.springframework.boot.web.servlet.FilterRegistrationBean - Mapping filter: 'characterEncodingFilter' to: [/*]
2020-10-27 15:42:41.652 [restartedMain] INFO  org.springframework.web.servlet.mvc.method.annotation.RequestMappingHandlerMapping - Mapped "{[/user/index.html]}" onto public java.lang.String com.winmine.controller.UserController.index()
2020-10-27 15:42:41.652 [restartedMain] INFO  org.springframework.web.servlet.mvc.method.annotation.RequestMappingHandlerMapping - Mapped "{[/user/userInfo]}" onto public java.lang.String com.winmine.controller.UserController.userInfo()
2020-10-27 15:42:41.653 [restartedMain] INFO  org.springframework.web.servlet.mvc.method.annotation.RequestMappingHandlerMapping - Mapped "{[/user/login.html]}" onto public java.lang.String com.winmine.controller.UserController.login()
2020-10-27 15:42:41.654 [restartedMain] INFO  org.springframework.web.servlet.mvc.method.annotation.RequestMappingHandlerMapping - Mapped "{[/user/login]}" onto public java.lang.String com.winmine.controller.UserController.login(com.winmine.entity.User)
2020-10-27 15:42:41.659 [restartedMain] INFO  org.springframework.web.servlet.mvc.method.annotation.RequestMappingHandlerMapping - Mapped "{[/error]}" onto public org.springframework.http.ResponseEntity<java.util.Map<java.lang.String, java.lang.Object>> org.springframework.boot.autoconfigure.web.BasicErrorController.error(javax.servlet.http.HttpServletRequest)
2020-10-27 15:42:41.659 [restartedMain] INFO  org.springframework.web.servlet.mvc.method.annotation.RequestMappingHandlerMapping - Mapped "{[/error],produces=[text/html]}" onto public org.springframework.web.servlet.ModelAndView org.springframework.boot.autoconfigure.web.BasicErrorController.errorHtml(javax.servlet.http.HttpServletRequest,javax.servlet.http.HttpServletResponse)
2020-10-27 15:42:41.730 [restartedMain] INFO  org.springframework.web.servlet.mvc.method.annotation.RequestMappingHandlerAdapter - Looking for @ControllerAdvice: org.springframework.boot.context.embedded.AnnotationConfigEmbeddedWebApplicationContext@406b8ce: startup date [Tue Oct 27 15:42:40 CST 2020]; root of context hierarchy
2020-10-27 15:42:42.310 [restartedMain] INFO  org.springframework.boot.devtools.autoconfigure.OptionalLiveReloadServer - LiveReload server is running on port 35729
2020-10-27 15:42:42.394 [restartedMain] INFO  org.springframework.jmx.export.annotation.AnnotationMBeanExporter - Registering beans for JMX exposure on startup
2020-10-27 15:42:42.422 [restartedMain] INFO  org.apache.coyote.http11.Http11NioProtocol - Initializing ProtocolHandler ["http-nio-8088"]
2020-10-27 15:42:42.431 [restartedMain] INFO  org.apache.coyote.http11.Http11NioProtocol - Starting ProtocolHandler ["http-nio-8088"]
2020-10-27 15:42:42.442 [restartedMain] INFO  org.apache.tomcat.util.net.NioSelectorPool - Using a shared selector for servlet write/read
2020-10-27 15:42:42.457 [restartedMain] INFO  org.springframework.boot.context.embedded.tomcat.TomcatEmbeddedServletContainer - Tomcat started on port(s): 8088 (http)
2020-10-27 15:42:42.461 [restartedMain] INFO  com.winmine.Application - Started Application in 2.945 seconds (JVM running for 3.912)
2020-10-27 15:42:46.971 [http-nio-8088-exec-2] INFO  org.apache.catalina.core.ContainerBase.[Tomcat].[localhost].[/] - Initializing Spring FrameworkServlet 'dispatcherServlet'
2020-10-27 15:42:46.971 [http-nio-8088-exec-2] INFO  org.springframework.web.servlet.DispatcherServlet - FrameworkServlet 'dispatcherServlet': initialization started
2020-10-27 15:42:46.989 [http-nio-8088-exec-2] INFO  org.springframework.web.servlet.DispatcherServlet - FrameworkServlet 'dispatcherServlet': initialization completed in 18 ms
2020-10-27 15:42:47.003 [http-nio-8088-exec-2] INFO  com.winmine.component.LoginHandlerInterceptor - 不拦截/user/index.html
2020-10-27 15:42:47.021 [http-nio-8088-exec-2] INFO  org.thymeleaf.TemplateEngine - [THYMELEAF] INITIALIZING TEMPLATE ENGINE
2020-10-27 15:42:47.046 [http-nio-8088-exec-2] INFO  org.thymeleaf.templateresolver.AbstractTemplateResolver - [THYMELEAF] INITIALIZING TEMPLATE RESOLVER: org.thymeleaf.spring4.templateresolver.SpringResourceTemplateResolver
2020-10-27 15:42:47.046 [http-nio-8088-exec-2] INFO  org.thymeleaf.templateresolver.AbstractTemplateResolver - [THYMELEAF] TEMPLATE RESOLVER INITIALIZED OK
2020-10-27 15:42:47.046 [http-nio-8088-exec-2] INFO  org.thymeleaf.messageresolver.AbstractMessageResolver - [THYMELEAF] INITIALIZING MESSAGE RESOLVER: org.thymeleaf.spring4.messageresolver.SpringMessageResolver
2020-10-27 15:42:47.046 [http-nio-8088-exec-2] INFO  org.thymeleaf.messageresolver.AbstractMessageResolver - [THYMELEAF] MESSAGE RESOLVER INITIALIZED OK
2020-10-27 15:42:47.057 [http-nio-8088-exec-2] INFO  org.thymeleaf.TemplateEngine - [THYMELEAF] TEMPLATE ENGINE INITIALIZED
2020-10-27 15:42:56.393 [http-nio-8088-exec-3] INFO  com.winmine.component.LoginHandlerInterceptor - 不拦截/user/login.html
2020-10-27 15:43:06.677 [Thread-14] INFO  org.springframework.boot.context.embedded.AnnotationConfigEmbeddedWebApplicationContext - Closing org.springframework.boot.context.embedded.AnnotationConfigEmbeddedWebApplicationContext@406b8ce: startup date [Tue Oct 27 15:42:40 CST 2020]; root of context hierarchy
2020-10-27 15:43:06.679 [Thread-14] INFO  org.springframework.jmx.export.annotation.AnnotationMBeanExporter - Unregistering JMX-exposed beans on shutdown
2020-10-27 15:43:09.923 [restartedMain] INFO  com.winmine.Application - Starting Application on LAPTOP-T84R5PL0 with PID 11116 (D:\MyProject\SpringBootDemo\target\classes started by YTJX in D:\MyProject\SpringBootDemo)
2020-10-27 15:43:09.925 [restartedMain] INFO  com.winmine.Application - No active profile set, falling back to default profiles: default
2020-10-27 15:43:10.073 [background-preinit] INFO  org.hibernate.validator.internal.util.Version - HV000001: Hibernate Validator 5.3.5.Final
2020-10-27 15:43:10.145 [restartedMain] INFO  org.springframework.boot.context.embedded.AnnotationConfigEmbeddedWebApplicationContext - Refreshing org.springframework.boot.context.embedded.AnnotationConfigEmbeddedWebApplicationContext@50375867: startup date [Tue Oct 27 15:43:10 CST 2020]; root of context hierarchy
2020-10-27 15:43:11.449 [restartedMain] INFO  org.springframework.boot.context.embedded.tomcat.TomcatEmbeddedServletContainer - Tomcat initialized with port(s): 8088 (http)
2020-10-27 15:43:11.456 [restartedMain] INFO  org.apache.catalina.core.StandardService - Starting service [Tomcat]
2020-10-27 15:43:11.457 [restartedMain] INFO  org.apache.catalina.core.StandardEngine - Starting Servlet Engine: Apache Tomcat/8.5.23
2020-10-27 15:43:11.538 [localhost-startStop-1] INFO  org.apache.catalina.core.ContainerBase.[Tomcat].[localhost].[/] - Initializing Spring embedded WebApplicationContext
2020-10-27 15:43:11.539 [localhost-startStop-1] INFO  org.springframework.web.context.ContextLoader - Root WebApplicationContext: initialization completed in 1394 ms
2020-10-27 15:43:11.650 [localhost-startStop-1] INFO  org.springframework.boot.web.servlet.ServletRegistrationBean - Mapping servlet: 'dispatcherServlet' to [/]
2020-10-27 15:43:11.654 [localhost-startStop-1] INFO  org.springframework.boot.web.servlet.FilterRegistrationBean - Mapping filter: 'characterEncodingFilter' to: [/*]
2020-10-27 15:43:11.756 [restartedMain] INFO  org.springframework.web.servlet.mvc.method.annotation.RequestMappingHandlerMapping - Mapped "{[/user/index.html]}" onto public java.lang.String com.winmine.controller.UserController.index()
2020-10-27 15:43:11.756 [restartedMain] INFO  org.springframework.web.servlet.mvc.method.annotation.RequestMappingHandlerMapping - Mapped "{[/user/userInfo]}" onto public java.lang.String com.winmine.controller.UserController.userInfo()
2020-10-27 15:43:11.758 [restartedMain] INFO  org.springframework.web.servlet.mvc.method.annotation.RequestMappingHandlerMapping - Mapped "{[/user/login]}" onto public java.lang.String com.winmine.controller.UserController.login(com.winmine.entity.User)
2020-10-27 15:43:11.758 [restartedMain] INFO  org.springframework.web.servlet.mvc.method.annotation.RequestMappingHandlerMapping - Mapped "{[/user/login.html]}" onto public java.lang.String com.winmine.controller.UserController.login()
2020-10-27 15:43:11.762 [restartedMain] INFO  org.springframework.web.servlet.mvc.method.annotation.RequestMappingHandlerMapping - Mapped "{[/error]}" onto public org.springframework.http.ResponseEntity<java.util.Map<java.lang.String, java.lang.Object>> org.springframework.boot.autoconfigure.web.BasicErrorController.error(javax.servlet.http.HttpServletRequest)
2020-10-27 15:43:11.763 [restartedMain] INFO  org.springframework.web.servlet.mvc.method.annotation.RequestMappingHandlerMapping - Mapped "{[/error],produces=[text/html]}" onto public org.springframework.web.servlet.ModelAndView org.springframework.boot.autoconfigure.web.BasicErrorController.errorHtml(javax.servlet.http.HttpServletRequest,javax.servlet.http.HttpServletResponse)
2020-10-27 15:43:11.831 [restartedMain] INFO  org.springframework.web.servlet.mvc.method.annotation.RequestMappingHandlerAdapter - Looking for @ControllerAdvice: org.springframework.boot.context.embedded.AnnotationConfigEmbeddedWebApplicationContext@50375867: startup date [Tue Oct 27 15:43:10 CST 2020]; root of context hierarchy
2020-10-27 15:43:12.404 [restartedMain] INFO  org.springframework.boot.devtools.autoconfigure.OptionalLiveReloadServer - LiveReload server is running on port 35729
2020-10-27 15:43:12.489 [restartedMain] INFO  org.springframework.jmx.export.annotation.AnnotationMBeanExporter - Registering beans for JMX exposure on startup
2020-10-27 15:43:12.517 [restartedMain] INFO  org.apache.coyote.http11.Http11NioProtocol - Initializing ProtocolHandler ["http-nio-8088"]
2020-10-27 15:43:12.524 [restartedMain] INFO  org.apache.coyote.http11.Http11NioProtocol - Starting ProtocolHandler ["http-nio-8088"]
2020-10-27 15:43:12.535 [restartedMain] INFO  org.apache.tomcat.util.net.NioSelectorPool - Using a shared selector for servlet write/read
2020-10-27 15:43:12.550 [restartedMain] INFO  org.springframework.boot.context.embedded.tomcat.TomcatEmbeddedServletContainer - Tomcat started on port(s): 8088 (http)
2020-10-27 15:43:12.554 [restartedMain] INFO  com.winmine.Application - Started Application in 2.88 seconds (JVM running for 3.889)
2020-10-27 15:43:15.551 [http-nio-8088-exec-1] INFO  org.apache.catalina.core.ContainerBase.[Tomcat].[localhost].[/] - Initializing Spring FrameworkServlet 'dispatcherServlet'
2020-10-27 15:43:15.551 [http-nio-8088-exec-1] INFO  org.springframework.web.servlet.DispatcherServlet - FrameworkServlet 'dispatcherServlet': initialization started
2020-10-27 15:43:15.569 [http-nio-8088-exec-1] INFO  org.springframework.web.servlet.DispatcherServlet - FrameworkServlet 'dispatcherServlet': initialization completed in 18 ms
2020-10-27 15:43:15.583 [http-nio-8088-exec-1] INFO  com.winmine.component.LoginHandlerInterceptor - 不拦截/user/login.html
2020-10-27 15:43:15.600 [http-nio-8088-exec-1] INFO  org.thymeleaf.TemplateEngine - [THYMELEAF] INITIALIZING TEMPLATE ENGINE
2020-10-27 15:43:15.628 [http-nio-8088-exec-1] INFO  org.thymeleaf.templateresolver.AbstractTemplateResolver - [THYMELEAF] INITIALIZING TEMPLATE RESOLVER: org.thymeleaf.spring4.templateresolver.SpringResourceTemplateResolver
2020-10-27 15:43:15.628 [http-nio-8088-exec-1] INFO  org.thymeleaf.templateresolver.AbstractTemplateResolver - [THYMELEAF] TEMPLATE RESOLVER INITIALIZED OK
2020-10-27 15:43:15.628 [http-nio-8088-exec-1] INFO  org.thymeleaf.messageresolver.AbstractMessageResolver - [THYMELEAF] INITIALIZING MESSAGE RESOLVER: org.thymeleaf.spring4.messageresolver.SpringMessageResolver
2020-10-27 15:43:15.628 [http-nio-8088-exec-1] INFO  org.thymeleaf.messageresolver.AbstractMessageResolver - [THYMELEAF] MESSAGE RESOLVER INITIALIZED OK
2020-10-27 15:43:15.639 [http-nio-8088-exec-1] INFO  org.thymeleaf.TemplateEngine - [THYMELEAF] TEMPLATE ENGINE INITIALIZED
2020-10-27 15:43:18.517 [http-nio-8088-exec-9] INFO  com.winmine.component.LoginHandlerInterceptor - 不拦截/user/login.html
2020-10-27 15:44:16.886 [Thread-14] INFO  org.springframework.boot.context.embedded.AnnotationConfigEmbeddedWebApplicationContext - Closing org.springframework.boot.context.embedded.AnnotationConfigEmbeddedWebApplicationContext@50375867: startup date [Tue Oct 27 15:43:10 CST 2020]; root of context hierarchy
2020-10-27 15:44:16.889 [Thread-14] INFO  org.springframework.jmx.export.annotation.AnnotationMBeanExporter - Unregistering JMX-exposed beans on shutdown
2020-10-27 15:44:58.429 [restartedMain] INFO  com.winmine.Application - Starting Application on LAPTOP-T84R5PL0 with PID 17900 (D:\MyProject\SpringBootDemo\target\classes started by YTJX in D:\MyProject\SpringBootDemo)
2020-10-27 15:44:58.431 [restartedMain] INFO  com.winmine.Application - No active profile set, falling back to default profiles: default
2020-10-27 15:44:58.605 [background-preinit] INFO  org.hibernate.validator.internal.util.Version - HV000001: Hibernate Validator 5.3.5.Final
2020-10-27 15:44:58.711 [restartedMain] INFO  org.springframework.boot.context.embedded.AnnotationConfigEmbeddedWebApplicationContext - Refreshing org.springframework.boot.context.embedded.AnnotationConfigEmbeddedWebApplicationContext@289abb40: startup date [Tue Oct 27 15:44:58 CST 2020]; root of context hierarchy
2020-10-27 15:45:00.166 [restartedMain] INFO  org.springframework.boot.context.embedded.tomcat.TomcatEmbeddedServletContainer - Tomcat initialized with port(s): 8088 (http)
2020-10-27 15:45:00.178 [restartedMain] INFO  org.apache.catalina.core.StandardService - Starting service [Tomcat]
2020-10-27 15:45:00.179 [restartedMain] INFO  org.apache.catalina.core.StandardEngine - Starting Servlet Engine: Apache Tomcat/8.5.23
2020-10-27 15:45:00.270 [localhost-startStop-1] INFO  org.apache.catalina.core.ContainerBase.[Tomcat].[localhost].[/] - Initializing Spring embedded WebApplicationContext
2020-10-27 15:45:00.270 [localhost-startStop-1] INFO  org.springframework.web.context.ContextLoader - Root WebApplicationContext: initialization completed in 1559 ms
2020-10-27 15:45:00.377 [localhost-startStop-1] INFO  org.springframework.boot.web.servlet.ServletRegistrationBean - Mapping servlet: 'dispatcherServlet' to [/]
2020-10-27 15:45:00.382 [localhost-startStop-1] INFO  org.springframework.boot.web.servlet.FilterRegistrationBean - Mapping filter: 'characterEncodingFilter' to: [/*]
2020-10-27 15:45:00.481 [restartedMain] INFO  org.springframework.web.servlet.mvc.method.annotation.RequestMappingHandlerMapping - Mapped "{[/user/index.html]}" onto public java.lang.String com.winmine.controller.UserController.index()
2020-10-27 15:45:00.482 [restartedMain] INFO  org.springframework.web.servlet.mvc.method.annotation.RequestMappingHandlerMapping - Mapped "{[/user/userInfo]}" onto public java.lang.String com.winmine.controller.UserController.userInfo()
2020-10-27 15:45:00.483 [restartedMain] INFO  org.springframework.web.servlet.mvc.method.annotation.RequestMappingHandlerMapping - Mapped "{[/user/login]}" onto public java.lang.String com.winmine.controller.UserController.login(com.winmine.entity.User)
2020-10-27 15:45:00.483 [restartedMain] INFO  org.springframework.web.servlet.mvc.method.annotation.RequestMappingHandlerMapping - Mapped "{[/user/login.html]}" onto public java.lang.String com.winmine.controller.UserController.login()
2020-10-27 15:45:00.490 [restartedMain] INFO  org.springframework.web.servlet.mvc.method.annotation.RequestMappingHandlerMapping - Mapped "{[/error]}" onto public org.springframework.http.ResponseEntity<java.util.Map<java.lang.String, java.lang.Object>> org.springframework.boot.autoconfigure.web.BasicErrorController.error(javax.servlet.http.HttpServletRequest)
2020-10-27 15:45:00.490 [restartedMain] INFO  org.springframework.web.servlet.mvc.method.annotation.RequestMappingHandlerMapping - Mapped "{[/error],produces=[text/html]}" onto public org.springframework.web.servlet.ModelAndView org.springframework.boot.autoconfigure.web.BasicErrorController.errorHtml(javax.servlet.http.HttpServletRequest,javax.servlet.http.HttpServletResponse)
2020-10-27 15:45:00.557 [restartedMain] INFO  org.springframework.web.servlet.mvc.method.annotation.RequestMappingHandlerAdapter - Looking for @ControllerAdvice: org.springframework.boot.context.embedded.AnnotationConfigEmbeddedWebApplicationContext@289abb40: startup date [Tue Oct 27 15:44:58 CST 2020]; root of context hierarchy
2020-10-27 15:45:01.130 [restartedMain] INFO  org.springframework.boot.devtools.autoconfigure.OptionalLiveReloadServer - LiveReload server is running on port 35729
2020-10-27 15:45:01.219 [restartedMain] INFO  org.springframework.jmx.export.annotation.AnnotationMBeanExporter - Registering beans for JMX exposure on startup
2020-10-27 15:45:01.246 [restartedMain] INFO  org.apache.coyote.http11.Http11NioProtocol - Initializing ProtocolHandler ["http-nio-8088"]
2020-10-27 15:45:01.255 [restartedMain] INFO  org.apache.coyote.http11.Http11NioProtocol - Starting ProtocolHandler ["http-nio-8088"]
2020-10-27 15:45:01.265 [restartedMain] INFO  org.apache.tomcat.util.net.NioSelectorPool - Using a shared selector for servlet write/read
2020-10-27 15:45:01.279 [restartedMain] INFO  org.springframework.boot.context.embedded.tomcat.TomcatEmbeddedServletContainer - Tomcat started on port(s): 8088 (http)
2020-10-27 15:45:01.284 [restartedMain] INFO  com.winmine.Application - Started Application in 3.108 seconds (JVM running for 4.076)
2020-10-27 15:45:14.761 [http-nio-8088-exec-2] INFO  org.apache.catalina.core.ContainerBase.[Tomcat].[localhost].[/] - Initializing Spring FrameworkServlet 'dispatcherServlet'
2020-10-27 15:45:14.761 [http-nio-8088-exec-2] INFO  org.springframework.web.servlet.DispatcherServlet - FrameworkServlet 'dispatcherServlet': initialization started
2020-10-27 15:45:14.781 [http-nio-8088-exec-2] INFO  org.springframework.web.servlet.DispatcherServlet - FrameworkServlet 'dispatcherServlet': initialization completed in 20 ms
2020-10-27 15:45:14.793 [http-nio-8088-exec-2] INFO  com.winmine.component.LoginHandlerInterceptor - 不拦截/user/login.html
2020-10-27 15:45:14.809 [http-nio-8088-exec-2] INFO  org.thymeleaf.TemplateEngine - [THYMELEAF] INITIALIZING TEMPLATE ENGINE
2020-10-27 15:45:14.834 [http-nio-8088-exec-2] INFO  org.thymeleaf.templateresolver.AbstractTemplateResolver - [THYMELEAF] INITIALIZING TEMPLATE RESOLVER: org.thymeleaf.spring4.templateresolver.SpringResourceTemplateResolver
2020-10-27 15:45:14.835 [http-nio-8088-exec-2] INFO  org.thymeleaf.templateresolver.AbstractTemplateResolver - [THYMELEAF] TEMPLATE RESOLVER INITIALIZED OK
2020-10-27 15:45:14.835 [http-nio-8088-exec-2] INFO  org.thymeleaf.messageresolver.AbstractMessageResolver - [THYMELEAF] INITIALIZING MESSAGE RESOLVER: org.thymeleaf.spring4.messageresolver.SpringMessageResolver
2020-10-27 15:45:14.835 [http-nio-8088-exec-2] INFO  org.thymeleaf.messageresolver.AbstractMessageResolver - [THYMELEAF] MESSAGE RESOLVER INITIALIZED OK
2020-10-27 15:45:14.846 [http-nio-8088-exec-2] INFO  org.thymeleaf.TemplateEngine - [THYMELEAF] TEMPLATE ENGINE INITIALIZED
2020-10-27 16:09:23.987 [http-nio-8088-exec-5] INFO  com.winmine.component.LoginHandlerInterceptor - 不拦截/user/login.html
2020-10-27 16:09:36.484 [http-nio-8088-exec-3] INFO  com.winmine.component.LoginHandlerInterceptor - 不拦截/user/login.html
2020-10-27 16:10:07.345 [http-nio-8088-exec-7] INFO  com.winmine.component.LoginHandlerInterceptor - 不拦截/user/login.html
2020-10-27 16:10:33.682 [http-nio-8088-exec-8] INFO  com.winmine.component.LoginHandlerInterceptor - 不拦截/user/login.html
2020-10-27 16:11:13.080 [http-nio-8088-exec-10] INFO  com.winmine.component.LoginHandlerInterceptor - 不拦截/user/login.html
2020-10-27 16:17:48.885 [Thread-14] INFO  org.springframework.boot.context.embedded.AnnotationConfigEmbeddedWebApplicationContext - Closing org.springframework.boot.context.embedded.AnnotationConfigEmbeddedWebApplicationContext@289abb40: startup date [Tue Oct 27 15:44:58 CST 2020]; root of context hierarchy
2020-10-27 16:17:48.889 [Thread-14] INFO  org.springframework.jmx.export.annotation.AnnotationMBeanExporter - Unregistering JMX-exposed beans on shutdown
2020-10-27 17:00:10.761 [restartedMain] INFO  com.winmine.Application - Starting Application on LAPTOP-T84R5PL0 with PID 1388 (D:\MyProject\SpringBootDemo\target\classes started by YTJX in D:\MyProject\SpringBootDemo)
2020-10-27 17:00:10.762 [restartedMain] INFO  com.winmine.Application - No active profile set, falling back to default profiles: default
2020-10-27 17:00:10.924 [background-preinit] INFO  org.hibernate.validator.internal.util.Version - HV000001: Hibernate Validator 5.3.5.Final
2020-10-27 17:00:10.987 [restartedMain] INFO  org.springframework.boot.context.embedded.AnnotationConfigEmbeddedWebApplicationContext - Refreshing org.springframework.boot.context.embedded.AnnotationConfigEmbeddedWebApplicationContext@e7c7704: startup date [Tue Oct 27 17:00:10 CST 2020]; root of context hierarchy
2020-10-27 17:00:12.310 [restartedMain] INFO  org.springframework.boot.context.embedded.tomcat.TomcatEmbeddedServletContainer - Tomcat initialized with port(s): 8088 (http)
2020-10-27 17:00:12.316 [restartedMain] INFO  org.apache.catalina.core.StandardService - Starting service [Tomcat]
2020-10-27 17:00:12.316 [restartedMain] INFO  org.apache.catalina.core.StandardEngine - Starting Servlet Engine: Apache Tomcat/8.5.23
2020-10-27 17:00:12.397 [localhost-startStop-1] INFO  org.apache.catalina.core.ContainerBase.[Tomcat].[localhost].[/] - Initializing Spring embedded WebApplicationContext
2020-10-27 17:00:12.397 [localhost-startStop-1] INFO  org.springframework.web.context.ContextLoader - Root WebApplicationContext: initialization completed in 1410 ms
2020-10-27 17:00:12.512 [localhost-startStop-1] INFO  org.springframework.boot.web.servlet.ServletRegistrationBean - Mapping servlet: 'dispatcherServlet' to [/]
2020-10-27 17:00:12.517 [localhost-startStop-1] INFO  org.springframework.boot.web.servlet.FilterRegistrationBean - Mapping filter: 'characterEncodingFilter' to: [/*]
2020-10-27 17:00:12.610 [restartedMain] INFO  org.springframework.web.servlet.mvc.method.annotation.RequestMappingHandlerMapping - Mapped "{[/user/userInfo]}" onto public java.lang.String com.winmine.controller.UserController.userInfo()
2020-10-27 17:00:12.611 [restartedMain] INFO  org.springframework.web.servlet.mvc.method.annotation.RequestMappingHandlerMapping - Mapped "{[/user/login]}" onto public java.lang.String com.winmine.controller.UserController.login(com.winmine.entity.User)
2020-10-27 17:00:12.612 [restartedMain] INFO  org.springframework.web.servlet.mvc.method.annotation.RequestMappingHandlerMapping - Mapped "{[/user/login.html]}" onto public java.lang.String com.winmine.controller.UserController.login()
2020-10-27 17:00:12.616 [restartedMain] INFO  org.springframework.web.servlet.mvc.method.annotation.RequestMappingHandlerMapping - Mapped "{[/error]}" onto public org.springframework.http.ResponseEntity<java.util.Map<java.lang.String, java.lang.Object>> org.springframework.boot.autoconfigure.web.BasicErrorController.error(javax.servlet.http.HttpServletRequest)
2020-10-27 17:00:12.616 [restartedMain] INFO  org.springframework.web.servlet.mvc.method.annotation.RequestMappingHandlerMapping - Mapped "{[/error],produces=[text/html]}" onto public org.springframework.web.servlet.ModelAndView org.springframework.boot.autoconfigure.web.BasicErrorController.errorHtml(javax.servlet.http.HttpServletRequest,javax.servlet.http.HttpServletResponse)
2020-10-27 17:00:12.684 [restartedMain] INFO  org.springframework.web.servlet.mvc.method.annotation.RequestMappingHandlerAdapter - Looking for @ControllerAdvice: org.springframework.boot.context.embedded.AnnotationConfigEmbeddedWebApplicationContext@e7c7704: startup date [Tue Oct 27 17:00:10 CST 2020]; root of context hierarchy
2020-10-27 17:00:13.295 [restartedMain] INFO  org.springframework.boot.devtools.autoconfigure.OptionalLiveReloadServer - LiveReload server is running on port 35729
2020-10-27 17:00:13.381 [restartedMain] INFO  org.springframework.jmx.export.annotation.AnnotationMBeanExporter - Registering beans for JMX exposure on startup
2020-10-27 17:00:13.408 [restartedMain] INFO  org.apache.coyote.http11.Http11NioProtocol - Initializing ProtocolHandler ["http-nio-8088"]
2020-10-27 17:00:13.417 [restartedMain] INFO  org.apache.coyote.http11.Http11NioProtocol - Starting ProtocolHandler ["http-nio-8088"]
2020-10-27 17:00:13.429 [restartedMain] INFO  org.apache.tomcat.util.net.NioSelectorPool - Using a shared selector for servlet write/read
2020-10-27 17:00:13.445 [restartedMain] INFO  org.springframework.boot.context.embedded.tomcat.TomcatEmbeddedServletContainer - Tomcat started on port(s): 8088 (http)
2020-10-27 17:00:13.451 [restartedMain] INFO  com.winmine.Application - Started Application in 2.942 seconds (JVM running for 3.899)
2020-10-27 17:00:18.311 [http-nio-8088-exec-1] INFO  org.apache.catalina.core.ContainerBase.[Tomcat].[localhost].[/] - Initializing Spring FrameworkServlet 'dispatcherServlet'
2020-10-27 17:00:18.311 [http-nio-8088-exec-1] INFO  org.springframework.web.servlet.DispatcherServlet - FrameworkServlet 'dispatcherServlet': initialization started
2020-10-27 17:00:18.332 [http-nio-8088-exec-1] INFO  org.springframework.web.servlet.DispatcherServlet - FrameworkServlet 'dispatcherServlet': initialization completed in 21 ms
2020-10-27 17:00:18.347 [http-nio-8088-exec-1] INFO  com.winmine.component.LoginHandlerInterceptor - 不拦截/user/login.html
2020-10-27 17:00:22.720 [http-nio-8088-exec-1] INFO  org.thymeleaf.TemplateEngine - [THYMELEAF] INITIALIZING TEMPLATE ENGINE
2020-10-27 17:00:22.753 [http-nio-8088-exec-1] INFO  org.thymeleaf.templateresolver.AbstractTemplateResolver - [THYMELEAF] INITIALIZING TEMPLATE RESOLVER: org.thymeleaf.spring4.templateresolver.SpringResourceTemplateResolver
2020-10-27 17:00:22.753 [http-nio-8088-exec-1] INFO  org.thymeleaf.templateresolver.AbstractTemplateResolver - [THYMELEAF] TEMPLATE RESOLVER INITIALIZED OK
2020-10-27 17:00:22.753 [http-nio-8088-exec-1] INFO  org.thymeleaf.messageresolver.AbstractMessageResolver - [THYMELEAF] INITIALIZING MESSAGE RESOLVER: org.thymeleaf.spring4.messageresolver.SpringMessageResolver
2020-10-27 17:00:22.753 [http-nio-8088-exec-1] INFO  org.thymeleaf.messageresolver.AbstractMessageResolver - [THYMELEAF] MESSAGE RESOLVER INITIALIZED OK
2020-10-27 17:00:22.764 [http-nio-8088-exec-1] INFO  org.thymeleaf.TemplateEngine - [THYMELEAF] TEMPLATE ENGINE INITIALIZED
2020-10-27 17:02:36.696 [Thread-14] INFO  org.springframework.boot.context.embedded.AnnotationConfigEmbeddedWebApplicationContext - Closing org.springframework.boot.context.embedded.AnnotationConfigEmbeddedWebApplicationContext@e7c7704: startup date [Tue Oct 27 17:00:10 CST 2020]; root of context hierarchy
2020-10-27 17:02:36.700 [Thread-14] INFO  org.springframework.jmx.export.annotation.AnnotationMBeanExporter - Unregistering JMX-exposed beans on shutdown
2020-10-27 17:02:39.832 [restartedMain] INFO  com.winmine.Application - Starting Application on LAPTOP-T84R5PL0 with PID 19252 (D:\MyProject\SpringBootDemo\target\classes started by YTJX in D:\MyProject\SpringBootDemo)
2020-10-27 17:02:39.834 [restartedMain] INFO  com.winmine.Application - No active profile set, falling back to default profiles: default
2020-10-27 17:02:40.032 [background-preinit] INFO  org.hibernate.validator.internal.util.Version - HV000001: Hibernate Validator 5.3.5.Final
2020-10-27 17:02:40.142 [restartedMain] INFO  org.springframework.boot.context.embedded.AnnotationConfigEmbeddedWebApplicationContext - Refreshing org.springframework.boot.context.embedded.AnnotationConfigEmbeddedWebApplicationContext@29cd3c78: startup date [Tue Oct 27 17:02:40 CST 2020]; root of context hierarchy
2020-10-27 17:02:41.492 [restartedMain] INFO  org.springframework.boot.context.embedded.tomcat.TomcatEmbeddedServletContainer - Tomcat initialized with port(s): 8088 (http)
2020-10-27 17:02:41.501 [restartedMain] INFO  org.apache.catalina.core.StandardService - Starting service [Tomcat]
2020-10-27 17:02:41.501 [restartedMain] INFO  org.apache.catalina.core.StandardEngine - Starting Servlet Engine: Apache Tomcat/8.5.23
2020-10-27 17:02:41.598 [localhost-startStop-1] INFO  org.apache.catalina.core.ContainerBase.[Tomcat].[localhost].[/] - Initializing Spring embedded WebApplicationContext
2020-10-27 17:02:41.599 [localhost-startStop-1] INFO  org.springframework.web.context.ContextLoader - Root WebApplicationContext: initialization completed in 1457 ms
2020-10-27 17:02:41.705 [localhost-startStop-1] INFO  org.springframework.boot.web.servlet.ServletRegistrationBean - Mapping servlet: 'dispatcherServlet' to [/]
2020-10-27 17:02:41.709 [localhost-startStop-1] INFO  org.springframework.boot.web.servlet.FilterRegistrationBean - Mapping filter: 'characterEncodingFilter' to: [/*]
2020-10-27 17:02:41.814 [restartedMain] INFO  org.springframework.web.servlet.mvc.method.annotation.RequestMappingHandlerMapping - Mapped "{[/user/userInfo]}" onto public java.lang.String com.winmine.controller.UserController.userInfo()
2020-10-27 17:02:41.815 [restartedMain] INFO  org.springframework.web.servlet.mvc.method.annotation.RequestMappingHandlerMapping - Mapped "{[/user/login]}" onto public java.lang.String com.winmine.controller.UserController.login(com.winmine.entity.User)
2020-10-27 17:02:41.815 [restartedMain] INFO  org.springframework.web.servlet.mvc.method.annotation.RequestMappingHandlerMapping - Mapped "{[/user/login.html]}" onto public java.lang.String com.winmine.controller.UserController.login()
2020-10-27 17:02:41.820 [restartedMain] INFO  org.springframework.web.servlet.mvc.method.annotation.RequestMappingHandlerMapping - Mapped "{[/error]}" onto public org.springframework.http.ResponseEntity<java.util.Map<java.lang.String, java.lang.Object>> org.springframework.boot.autoconfigure.web.BasicErrorController.error(javax.servlet.http.HttpServletRequest)
2020-10-27 17:02:41.820 [restartedMain] INFO  org.springframework.web.servlet.mvc.method.annotation.RequestMappingHandlerMapping - Mapped "{[/error],produces=[text/html]}" onto public org.springframework.web.servlet.ModelAndView org.springframework.boot.autoconfigure.web.BasicErrorController.errorHtml(javax.servlet.http.HttpServletRequest,javax.servlet.http.HttpServletResponse)
2020-10-27 17:02:41.888 [restartedMain] INFO  org.springframework.web.servlet.mvc.method.annotation.RequestMappingHandlerAdapter - Looking for @ControllerAdvice: org.springframework.boot.context.embedded.AnnotationConfigEmbeddedWebApplicationContext@29cd3c78: startup date [Tue Oct 27 17:02:40 CST 2020]; root of context hierarchy
2020-10-27 17:02:42.479 [restartedMain] INFO  org.springframework.boot.devtools.autoconfigure.OptionalLiveReloadServer - LiveReload server is running on port 35729
2020-10-27 17:02:42.555 [restartedMain] INFO  org.springframework.jmx.export.annotation.AnnotationMBeanExporter - Registering beans for JMX exposure on startup
2020-10-27 17:02:42.585 [restartedMain] INFO  org.apache.coyote.http11.Http11NioProtocol - Initializing ProtocolHandler ["http-nio-8088"]
2020-10-27 17:02:42.593 [restartedMain] INFO  org.apache.coyote.http11.Http11NioProtocol - Starting ProtocolHandler ["http-nio-8088"]
2020-10-27 17:02:42.603 [restartedMain] INFO  org.apache.tomcat.util.net.NioSelectorPool - Using a shared selector for servlet write/read
2020-10-27 17:02:42.618 [restartedMain] INFO  org.springframework.boot.context.embedded.tomcat.TomcatEmbeddedServletContainer - Tomcat started on port(s): 8088 (http)
2020-10-27 17:02:42.623 [restartedMain] INFO  com.winmine.Application - Started Application in 3.028 seconds (JVM running for 4.082)
2020-10-27 17:17:33.999 [http-nio-8088-exec-1] INFO  org.apache.catalina.core.ContainerBase.[Tomcat].[localhost].[/] - Initializing Spring FrameworkServlet 'dispatcherServlet'
2020-10-27 17:17:33.999 [http-nio-8088-exec-1] INFO  org.springframework.web.servlet.DispatcherServlet - FrameworkServlet 'dispatcherServlet': initialization started
2020-10-27 17:17:34.020 [http-nio-8088-exec-1] INFO  org.springframework.web.servlet.DispatcherServlet - FrameworkServlet 'dispatcherServlet': initialization completed in 21 ms
2020-10-27 17:17:43.585 [Thread-14] INFO  org.springframework.boot.context.embedded.AnnotationConfigEmbeddedWebApplicationContext - Closing org.springframework.boot.context.embedded.AnnotationConfigEmbeddedWebApplicationContext@29cd3c78: startup date [Tue Oct 27 17:02:40 CST 2020]; root of context hierarchy
2020-10-27 17:17:43.588 [Thread-14] INFO  org.springframework.jmx.export.annotation.AnnotationMBeanExporter - Unregistering JMX-exposed beans on shutdown
2020-10-27 17:17:49.662 [restartedMain] INFO  com.winmine.Application - Starting Application on LAPTOP-T84R5PL0 with PID 17976 (D:\MyProject\SpringBootDemo\target\classes started by YTJX in D:\MyProject\SpringBootDemo)
2020-10-27 17:17:49.664 [restartedMain] INFO  com.winmine.Application - No active profile set, falling back to default profiles: default
2020-10-27 17:17:49.824 [background-preinit] INFO  org.hibernate.validator.internal.util.Version - HV000001: Hibernate Validator 5.3.5.Final
2020-10-27 17:17:49.894 [restartedMain] INFO  org.springframework.boot.context.embedded.AnnotationConfigEmbeddedWebApplicationContext - Refreshing org.springframework.boot.context.embedded.AnnotationConfigEmbeddedWebApplicationContext@3fdfbee8: startup date [Tue Oct 27 17:17:49 CST 2020]; root of context hierarchy
2020-10-27 17:17:51.292 [restartedMain] INFO  org.springframework.boot.context.embedded.tomcat.TomcatEmbeddedServletContainer - Tomcat initialized with port(s): 8088 (http)
2020-10-27 17:17:51.300 [restartedMain] INFO  org.apache.catalina.core.StandardService - Starting service [Tomcat]
2020-10-27 17:17:51.301 [restartedMain] INFO  org.apache.catalina.core.StandardEngine - Starting Servlet Engine: Apache Tomcat/8.5.23
2020-10-27 17:17:51.391 [localhost-startStop-1] INFO  org.apache.catalina.core.ContainerBase.[Tomcat].[localhost].[/] - Initializing Spring embedded WebApplicationContext
2020-10-27 17:17:51.391 [localhost-startStop-1] INFO  org.springframework.web.context.ContextLoader - Root WebApplicationContext: initialization completed in 1497 ms
2020-10-27 17:17:51.503 [localhost-startStop-1] INFO  org.springframework.boot.web.servlet.ServletRegistrationBean - Mapping servlet: 'dispatcherServlet' to [/]
2020-10-27 17:17:51.507 [localhost-startStop-1] INFO  org.springframework.boot.web.servlet.FilterRegistrationBean - Mapping filter: 'characterEncodingFilter' to: [/*]
2020-10-27 17:17:51.556 [restartedMain] INFO  org.apache.catalina.core.StandardService - Stopping service [Tomcat]
